<html>
<head>
<title>TestNG:  Test</title>
<link href="../testng.css" rel="stylesheet" type="text/css" />
<link href="../my-testng.css" rel="stylesheet" type="text/css" />

<style type="text/css">
.log { display: none;} 
.stack-trace { display: none;} 
</style>
<script type="text/javascript">
<!--
function flip(e) {
  current = e.style.display;
  if (current == 'block') {
    e.style.display = 'none';
    return 0;
  }
  else {
    e.style.display = 'block';
    return 1;
  }
}

function toggleBox(szDivId, elem, msg1, msg2)
{
  var res = -1;  if (document.getElementById) {
    res = flip(document.getElementById(szDivId));
  }
  else if (document.all) {
    // this is the way old msie versions work
    res = flip(document.all[szDivId]);
  }
  if(elem) {
    if(res == 0) elem.innerHTML = msg1; else elem.innerHTML = msg2;
  }

}

function toggleAllBoxes() {
  if (document.getElementsByTagName) {
    d = document.getElementsByTagName('div');
    for (i = 0; i < d.length; i++) {
      if (d[i].className == 'log') {
        flip(d[i]);
      }
    }
  }
}

// -->
</script>

</head>
<body>
<h2 align='center'>Test</h2><table border='1' align="center">
<tr>
<td>Tests passed/Failed/Skipped:</td><td>7/1/2</td>
</tr><tr>
<td>Started on:</td><td>Fri Nov 11 10:02:18 IST 2022</td>
</tr>
<tr><td>Total time:</td><td>313 seconds (313179 ms)</td>
</tr><tr>
<td>Included groups:</td><td></td>
</tr><tr>
<td>Excluded groups:</td><td></td>
</tr>
</table><p/>
<small><i>(Hover the method name to see the test class name)</i></small><p/>
<table width='100%' border='1' class='invocation-failed'>
<tr><td colspan='4' align='center'><b>FAILED TESTS</b></td></tr>
<tr><td><b>Test method</b></td>
<td width="30%"><b>Exception</b></td>
<td width="10%"><b>Time (seconds)</b></td>
<td><b>Instance</b></td>
</tr>
<tr>
<td title='com.bookonelocal.tests.bookingManagement.ClickOnTheBookingManagementModule.clickOnTheBookingManagementModule()'><b>clickOnTheBookingManagementModule</b><br>Test class: com.bookonelocal.tests.bookingManagement.ClickOnTheBookingManagementModule</td>
<td><div><pre>java.lang.NullPointerException
	at org.openqa.selenium.support.ui.ExpectedConditions.elementIfVisible(ExpectedConditions.java:307)
	at org.openqa.selenium.support.ui.ExpectedConditions.access$000(ExpectedConditions.java:40)
	at org.openqa.selenium.support.ui.ExpectedConditions$10.apply(ExpectedConditions.java:293)
	at org.openqa.selenium.support.ui.ExpectedConditions$10.apply(ExpectedConditions.java:290)
	at org.openqa.selenium.support.ui.FluentWait.until(FluentWait.java:208)
	at com.bookonelocal.abstractComponents.AbstractComponents.waitForWebEelementToAppear(AbstractComponents.java:47)
	at com.bookonelocal.abstractComponents.AbstractComponents.clickOnWebElementUsingJavascript(AbstractComponents.java:92)
	at com.bookonelocal.pageObjects.BookOneLocal_AdminDashBoard.clickOnModule(BookOneLocal_AdminDashBoard.java:59)
	at com.bookonelocal.tests.bookingManagement.ClickOnTheBookingManagementModule.clickOnTheBookingManagementModule(ClickOnTheBookingManagementModule.java:22)
	at java.base/java.util.ArrayList.forEach(ArrayList.java:1541)
... Removed 31 stack frames</pre></div><a href='#' onClick='toggleBox("stack-trace743752855", this, "Click to show all stack frames", "Click to hide stack frames")'>Click to show all stack frames</a>
<div class='stack-trace' id='stack-trace743752855'><pre>java.lang.NullPointerException
	at org.openqa.selenium.support.ui.ExpectedConditions.elementIfVisible(ExpectedConditions.java:307)
	at org.openqa.selenium.support.ui.ExpectedConditions.access$000(ExpectedConditions.java:40)
	at org.openqa.selenium.support.ui.ExpectedConditions$10.apply(ExpectedConditions.java:293)
	at org.openqa.selenium.support.ui.ExpectedConditions$10.apply(ExpectedConditions.java:290)
	at org.openqa.selenium.support.ui.FluentWait.until(FluentWait.java:208)
	at com.bookonelocal.abstractComponents.AbstractComponents.waitForWebEelementToAppear(AbstractComponents.java:47)
	at com.bookonelocal.abstractComponents.AbstractComponents.clickOnWebElementUsingJavascript(AbstractComponents.java:92)
	at com.bookonelocal.pageObjects.BookOneLocal_AdminDashBoard.clickOnModule(BookOneLocal_AdminDashBoard.java:59)
	at com.bookonelocal.tests.bookingManagement.ClickOnTheBookingManagementModule.clickOnTheBookingManagementModule(ClickOnTheBookingManagementModule.java:22)
	at java.base/jdk.internal.reflect.NativeMethodAccessorImpl.invoke0(Native Method)
	at java.base/jdk.internal.reflect.NativeMethodAccessorImpl.invoke(NativeMethodAccessorImpl.java:62)
	at java.base/jdk.internal.reflect.DelegatingMethodAccessorImpl.invoke(DelegatingMethodAccessorImpl.java:43)
	at java.base/java.lang.reflect.Method.invoke(Method.java:566)
	at org.testng.internal.MethodInvocationHelper.invokeMethod(MethodInvocationHelper.java:134)
	at org.testng.internal.TestInvoker.invokeMethod(TestInvoker.java:597)
	at org.testng.internal.TestInvoker.retryFailed(TestInvoker.java:213)
	at org.testng.internal.MethodRunner.runInSequence(MethodRunner.java:58)
	at org.testng.internal.TestInvoker$MethodInvocationAgent.invoke(TestInvoker.java:816)
	at org.testng.internal.TestInvoker.invokeTestMethods(TestInvoker.java:146)
	at org.testng.internal.TestMethodWorker.invokeTestMethods(TestMethodWorker.java:146)
	at org.testng.internal.TestMethodWorker.run(TestMethodWorker.java:128)
	at java.base/java.util.ArrayList.forEach(ArrayList.java:1541)
	at org.testng.TestRunner.privateRun(TestRunner.java:766)
	at org.testng.TestRunner.run(TestRunner.java:587)
	at org.testng.SuiteRunner.runTest(SuiteRunner.java:384)
	at org.testng.SuiteRunner.runSequentially(SuiteRunner.java:378)
	at org.testng.SuiteRunner.privateRun(SuiteRunner.java:337)
	at org.testng.SuiteRunner.run(SuiteRunner.java:286)
	at org.testng.SuiteRunnerWorker.runSuite(SuiteRunnerWorker.java:53)
	at org.testng.SuiteRunnerWorker.run(SuiteRunnerWorker.java:96)
	at org.testng.TestNG.runSuitesSequentially(TestNG.java:1187)
	at org.testng.TestNG.runSuitesLocally(TestNG.java:1109)
	at org.testng.TestNG.runSuites(TestNG.java:1039)
	at org.testng.TestNG.run(TestNG.java:1007)
	at org.apache.maven.surefire.testng.TestNGExecutor.run(TestNGExecutor.java:324)
	at org.apache.maven.surefire.testng.TestNGXmlTestSuite.execute(TestNGXmlTestSuite.java:74)
	at org.apache.maven.surefire.testng.TestNGProvider.invoke(TestNGProvider.java:123)
	at org.apache.maven.surefire.booter.ForkedBooter.runSuitesInProcess(ForkedBooter.java:456)
	at org.apache.maven.surefire.booter.ForkedBooter.execute(ForkedBooter.java:169)
	at org.apache.maven.surefire.booter.ForkedBooter.run(ForkedBooter.java:595)
	at org.apache.maven.surefire.booter.ForkedBooter.main(ForkedBooter.java:581)
</pre></div></td>
<td>28</td>
<td>com.bookonelocal.tests.bookingManagement.ClickOnTheBookingManagementModule@14f9390f</td></tr>
</table><p>
<table width='100%' border='1' class='invocation-passed'>
<tr><td colspan='4' align='center'><b>PASSED TESTS</b></td></tr>
<tr><td><b>Test method</b></td>
<td width="30%"><b>Exception</b></td>
<td width="10%"><b>Time (seconds)</b></td>
<td><b>Instance</b></td>
</tr>
<tr>
<td title='com.bookonelocal.tests.bookingManagement.ClickOnTheHeaderButtonsOfBookingManagementPage.clickOnTheBookPropertyButton_UnderBookingManagementPage()'><b>clickOnTheBookPropertyButton_UnderBookingManagementPage</b><br>Test class: com.bookonelocal.tests.bookingManagement.ClickOnTheHeaderButtonsOfBookingManagementPage</td>
<td></td>
<td>25</td>
<td>com.bookonelocal.tests.bookingManagement.ClickOnTheHeaderButtonsOfBookingManagementPage@68d279ec</td></tr>
<tr>
<td title='com.bookonelocal.tests.bookingManagement.ClickOnTheHeaderButtonsOfBookingManagementPage.clickOnTheBook_A_Room_Button_UnderBookingManagementPage()'><b>clickOnTheBook_A_Room_Button_UnderBookingManagementPage</b><br>Test class: com.bookonelocal.tests.bookingManagement.ClickOnTheHeaderButtonsOfBookingManagementPage</td>
<td></td>
<td>24</td>
<td>com.bookonelocal.tests.bookingManagement.ClickOnTheHeaderButtonsOfBookingManagementPage@68d279ec</td></tr>
<tr>
<td title='com.bookonelocal.tests.bookingManagement.Click_On_The_NewBookingButton.clickOnTheNewBookingButton()'><b>clickOnTheNewBookingButton</b><br>Test class: com.bookonelocal.tests.bookingManagement.Click_On_The_NewBookingButton</td>
<td></td>
<td>23</td>
<td>com.bookonelocal.tests.bookingManagement.Click_On_The_NewBookingButton@6c0d7c83</td></tr>
<tr>
<td title='com.bookonelocal.tests.bookingManagement.ClickOnTheHeaderButtonsOfBookingManagementPage.clickOnThe_BookMultipleRoom_Button_UnderBookingManagementPage()'><b>clickOnThe_BookMultipleRoom_Button_UnderBookingManagementPage</b><br>Test class: com.bookonelocal.tests.bookingManagement.ClickOnTheHeaderButtonsOfBookingManagementPage</td>
<td></td>
<td>28</td>
<td>com.bookonelocal.tests.bookingManagement.ClickOnTheHeaderButtonsOfBookingManagementPage@68d279ec</td></tr>
<tr>
<td title='com.bookonelocal.tests.bookingManagement.ClickOnTheHeaderButtonsOfBookingManagementPage.clickOnThe_RoomEnquiry_Button_UnderBookingManagementPage()'><b>clickOnThe_RoomEnquiry_Button_UnderBookingManagementPage</b><br>Test class: com.bookonelocal.tests.bookingManagement.ClickOnTheHeaderButtonsOfBookingManagementPage</td>
<td></td>
<td>29</td>
<td>com.bookonelocal.tests.bookingManagement.ClickOnTheHeaderButtonsOfBookingManagementPage@68d279ec</td></tr>
<tr>
<td title='com.bookonelocal.tests.bookingManagement.Create_A_Booking.createSimpleBooking()'><b>createSimpleBooking</b><br>Test class: com.bookonelocal.tests.bookingManagement.Create_A_Booking<br>Parameters: {lastName=nanda, numberOfPerson=1, roomTypeName=Single Room, planName=Single Room, numberOfRooms=1, sourceOfBooking=Walk in, searchOptionName=phone, operatorName=satyajit, arrivalDate=9/11/2022, counterName=Counter 1, firstName=satyajit, phoneNumber=7326954153, roomNumbers=101,102, departureDate=10/11/2022, email=satyajitkumar852@gmail.com}</td>
<td></td>
<td>45</td>
<td>com.bookonelocal.tests.bookingManagement.Create_A_Booking@258d79be</td></tr>
<tr>
<td title='com.bookonelocal.tests.bookingManagement.LoginToBookOneLocal.loginToBookOneLocal()'><b>loginToBookOneLocal</b><br>Test class: com.bookonelocal.tests.bookingManagement.LoginToBookOneLocal</td>
<td></td>
<td>16</td>
<td>com.bookonelocal.tests.bookingManagement.LoginToBookOneLocal@48d61b48</td></tr>
</table><p>
<table width='100%' border='1' class='invocation-skipped'>
<tr><td colspan='4' align='center'><b>SKIPPED TESTS</b></td></tr>
<tr><td><b>Test method</b></td>
<td width="30%"><b>Exception</b></td>
<td width="10%"><b>Time (seconds)</b></td>
<td><b>Instance</b></td>
</tr>
<tr>
<td title='com.bookonelocal.tests.bookingManagement.ClickOnTheBookingManagementModule.clickOnTheBookingManagementModule()'><b>clickOnTheBookingManagementModule</b><br>Test class: com.bookonelocal.tests.bookingManagement.ClickOnTheBookingManagementModule</td>
<td><div><pre>java.lang.NullPointerException
	at org.openqa.selenium.support.ui.ExpectedConditions.elementIfVisible(ExpectedConditions.java:307)
	at org.openqa.selenium.support.ui.ExpectedConditions.access$000(ExpectedConditions.java:40)
	at org.openqa.selenium.support.ui.ExpectedConditions$10.apply(ExpectedConditions.java:293)
	at org.openqa.selenium.support.ui.ExpectedConditions$10.apply(ExpectedConditions.java:290)
	at org.openqa.selenium.support.ui.FluentWait.until(FluentWait.java:208)
	at com.bookonelocal.abstractComponents.AbstractComponents.waitForWebEelementToAppear(AbstractComponents.java:47)
	at com.bookonelocal.abstractComponents.AbstractComponents.clickOnWebElementUsingJavascript(AbstractComponents.java:92)
	at com.bookonelocal.pageObjects.BookOneLocal_AdminDashBoard.clickOnModule(BookOneLocal_AdminDashBoard.java:59)
	at com.bookonelocal.tests.bookingManagement.ClickOnTheBookingManagementModule.clickOnTheBookingManagementModule(ClickOnTheBookingManagementModule.java:22)
	at java.base/java.util.ArrayList.forEach(ArrayList.java:1541)
... Removed 31 stack frames</pre></div><a href='#' onClick='toggleBox("stack-trace1525910090", this, "Click to show all stack frames", "Click to hide stack frames")'>Click to show all stack frames</a>
<div class='stack-trace' id='stack-trace1525910090'><pre>java.lang.NullPointerException
	at org.openqa.selenium.support.ui.ExpectedConditions.elementIfVisible(ExpectedConditions.java:307)
	at org.openqa.selenium.support.ui.ExpectedConditions.access$000(ExpectedConditions.java:40)
	at org.openqa.selenium.support.ui.ExpectedConditions$10.apply(ExpectedConditions.java:293)
	at org.openqa.selenium.support.ui.ExpectedConditions$10.apply(ExpectedConditions.java:290)
	at org.openqa.selenium.support.ui.FluentWait.until(FluentWait.java:208)
	at com.bookonelocal.abstractComponents.AbstractComponents.waitForWebEelementToAppear(AbstractComponents.java:47)
	at com.bookonelocal.abstractComponents.AbstractComponents.clickOnWebElementUsingJavascript(AbstractComponents.java:92)
	at com.bookonelocal.pageObjects.BookOneLocal_AdminDashBoard.clickOnModule(BookOneLocal_AdminDashBoard.java:59)
	at com.bookonelocal.tests.bookingManagement.ClickOnTheBookingManagementModule.clickOnTheBookingManagementModule(ClickOnTheBookingManagementModule.java:22)
	at java.base/jdk.internal.reflect.NativeMethodAccessorImpl.invoke0(Native Method)
	at java.base/jdk.internal.reflect.NativeMethodAccessorImpl.invoke(NativeMethodAccessorImpl.java:62)
	at java.base/jdk.internal.reflect.DelegatingMethodAccessorImpl.invoke(DelegatingMethodAccessorImpl.java:43)
	at java.base/java.lang.reflect.Method.invoke(Method.java:566)
	at org.testng.internal.MethodInvocationHelper.invokeMethod(MethodInvocationHelper.java:134)
	at org.testng.internal.TestInvoker.invokeMethod(TestInvoker.java:597)
	at org.testng.internal.TestInvoker.invokeTestMethod(TestInvoker.java:173)
	at org.testng.internal.MethodRunner.runInSequence(MethodRunner.java:46)
	at org.testng.internal.TestInvoker$MethodInvocationAgent.invoke(TestInvoker.java:816)
	at org.testng.internal.TestInvoker.invokeTestMethods(TestInvoker.java:146)
	at org.testng.internal.TestMethodWorker.invokeTestMethods(TestMethodWorker.java:146)
	at org.testng.internal.TestMethodWorker.run(TestMethodWorker.java:128)
	at java.base/java.util.ArrayList.forEach(ArrayList.java:1541)
	at org.testng.TestRunner.privateRun(TestRunner.java:766)
	at org.testng.TestRunner.run(TestRunner.java:587)
	at org.testng.SuiteRunner.runTest(SuiteRunner.java:384)
	at org.testng.SuiteRunner.runSequentially(SuiteRunner.java:378)
	at org.testng.SuiteRunner.privateRun(SuiteRunner.java:337)
	at org.testng.SuiteRunner.run(SuiteRunner.java:286)
	at org.testng.SuiteRunnerWorker.runSuite(SuiteRunnerWorker.java:53)
	at org.testng.SuiteRunnerWorker.run(SuiteRunnerWorker.java:96)
	at org.testng.TestNG.runSuitesSequentially(TestNG.java:1187)
	at org.testng.TestNG.runSuitesLocally(TestNG.java:1109)
	at org.testng.TestNG.runSuites(TestNG.java:1039)
	at org.testng.TestNG.run(TestNG.java:1007)
	at org.apache.maven.surefire.testng.TestNGExecutor.run(TestNGExecutor.java:324)
	at org.apache.maven.surefire.testng.TestNGXmlTestSuite.execute(TestNGXmlTestSuite.java:74)
	at org.apache.maven.surefire.testng.TestNGProvider.invoke(TestNGProvider.java:123)
	at org.apache.maven.surefire.booter.ForkedBooter.runSuitesInProcess(ForkedBooter.java:456)
	at org.apache.maven.surefire.booter.ForkedBooter.execute(ForkedBooter.java:169)
	at org.apache.maven.surefire.booter.ForkedBooter.run(ForkedBooter.java:595)
	at org.apache.maven.surefire.booter.ForkedBooter.main(ForkedBooter.java:581)
</pre></div></td>
<td>19</td>
<td>com.bookonelocal.tests.bookingManagement.ClickOnTheBookingManagementModule@14f9390f</td></tr>
<tr>
<td title='com.bookonelocal.tests.bookingManagement.Click_On_The_NewBookingButton.clickOnTheNewBookingButton()'><b>clickOnTheNewBookingButton</b><br>Test class: com.bookonelocal.tests.bookingManagement.Click_On_The_NewBookingButton</td>
<td><div><pre>org.openqa.selenium.ElementClickInterceptedException: element click intercepted: Element &lt;button _ngcontent-uqr-c429=&quot;&quot; mat-raised-button=&quot;&quot; color=&quot;primary&quot; class=&quot;mat-focus-indicator m-1 mat-raised-button mat-button-base mat-primary&quot; ng-reflect-color=&quot;primary&quot;&gt;...&lt;/button&gt; is not clickable at point (1096, 113). Other element would receive the click: &lt;div class=&quot;cdk-overlay-backdrop light-backdrop cdk-overlay-backdrop-showing&quot;&gt;&lt;/div&gt;
  (Session info: chrome=107.0.5304.107)
Build info: version: &apos;4.1.2&apos;, revision: &apos;9a5a329c5a&apos;
System info: host: &apos;DESKTOP-HTHUA0V&apos;, ip: &apos;192.168.29.89&apos;, os.name: &apos;Windows 10&apos;, os.arch: &apos;amd64&apos;, os.version: &apos;10.0&apos;, java.version: &apos;11.0.16.1&apos;
Driver info: org.openqa.selenium.chrome.ChromeDriver
Command: [4133a37742ca9ab92dec5c184d3c617d, clickElement {id=76b6e674-9593-4417-a5c8-ac40c130929c}]
Capabilities {acceptInsecureCerts: true, browserName: chrome, browserVersion: 107.0.5304.107, chrome: {chromedriverVersion: 107.0.5304.62 (1eec40d3a576..., userDataDir: C:\Users\Lenovo\AppData\Loc...}, goog:chromeOptions: {debuggerAddress: localhost:50693}, javascriptEnabled: true, networkConnectionEnabled: false, pageLoadStrategy: normal, platform: WINDOWS, platformName: WINDOWS, proxy: Proxy(), se:cdp: ws://localhost:50693/devtoo..., se:cdpVersion: 107.0.5304.107, setWindowRect: true, strictFileInteractability: false, timeouts: {implicit: 0, pageLoad: 300000, script: 30000}, unhandledPromptBehavior: dismiss and notify, webauthn:extension:credBlob: true, webauthn:extension:largeBlob: true, webauthn:virtualAuthenticators: true}
Element: [[ChromeDriver: chrome on WINDOWS (4133a37742ca9ab92dec5c184d3c617d)] -&gt; xpath: (//button[contains(@class,&apos;m-1&apos;)])[3]]
Session ID: 4133a37742ca9ab92dec5c184d3c617d
	at org.openqa.selenium.remote.codec.w3c.W3CHttpResponseCodec.createException(W3CHttpResponseCodec.java:200)
	at org.openqa.selenium.remote.codec.w3c.W3CHttpResponseCodec.decode(W3CHttpResponseCodec.java:133)
	at org.openqa.selenium.remote.codec.w3c.W3CHttpResponseCodec.decode(W3CHttpResponseCodec.java:53)
	at org.openqa.selenium.remote.HttpCommandExecutor.execute(HttpCommandExecutor.java:184)
	at org.openqa.selenium.remote.service.DriverCommandExecutor.invokeExecute(DriverCommandExecutor.java:167)
	at org.openqa.selenium.remote.service.DriverCommandExecutor.execute(DriverCommandExecutor.java:142)
	at org.openqa.selenium.remote.RemoteWebDriver.execute(RemoteWebDriver.java:558)
	at org.openqa.selenium.remote.RemoteWebElement.execute(RemoteWebElement.java:251)
	at org.openqa.selenium.remote.RemoteWebElement.click(RemoteWebElement.java:77)
	at org.openqa.selenium.support.pagefactory.internal.LocatingElementHandler.invoke(LocatingElementHandler.java:52)
	at com.sun.proxy.$Proxy14.click(Unknown Source)
	at com.bookonelocal.pageObjects.BookOneLocal_AdminDashBoard.clickOnTheNewBookingButton(BookOneLocal_AdminDashBoard.java:35)
	at com.bookonelocal.tests.bookingManagement.Click_On_The_NewBookingButton.clickOnTheNewBookingButton(Click_On_The_NewBookingButton.java:23)
	at java.base/java.util.ArrayList.forEach(ArrayList.java:1541)
... Removed 38 stack frames</pre></div><a href='#' onClick='toggleBox("stack-trace451530980", this, "Click to show all stack frames", "Click to hide stack frames")'>Click to show all stack frames</a>
<div class='stack-trace' id='stack-trace451530980'><pre>org.openqa.selenium.ElementClickInterceptedException: element click intercepted: Element &lt;button _ngcontent-uqr-c429=&quot;&quot; mat-raised-button=&quot;&quot; color=&quot;primary&quot; class=&quot;mat-focus-indicator m-1 mat-raised-button mat-button-base mat-primary&quot; ng-reflect-color=&quot;primary&quot;&gt;...&lt;/button&gt; is not clickable at point (1096, 113). Other element would receive the click: &lt;div class=&quot;cdk-overlay-backdrop light-backdrop cdk-overlay-backdrop-showing&quot;&gt;&lt;/div&gt;
  (Session info: chrome=107.0.5304.107)
Build info: version: &apos;4.1.2&apos;, revision: &apos;9a5a329c5a&apos;
System info: host: &apos;DESKTOP-HTHUA0V&apos;, ip: &apos;192.168.29.89&apos;, os.name: &apos;Windows 10&apos;, os.arch: &apos;amd64&apos;, os.version: &apos;10.0&apos;, java.version: &apos;11.0.16.1&apos;
Driver info: org.openqa.selenium.chrome.ChromeDriver
Command: [4133a37742ca9ab92dec5c184d3c617d, clickElement {id=76b6e674-9593-4417-a5c8-ac40c130929c}]
Capabilities {acceptInsecureCerts: true, browserName: chrome, browserVersion: 107.0.5304.107, chrome: {chromedriverVersion: 107.0.5304.62 (1eec40d3a576..., userDataDir: C:\Users\Lenovo\AppData\Loc...}, goog:chromeOptions: {debuggerAddress: localhost:50693}, javascriptEnabled: true, networkConnectionEnabled: false, pageLoadStrategy: normal, platform: WINDOWS, platformName: WINDOWS, proxy: Proxy(), se:cdp: ws://localhost:50693/devtoo..., se:cdpVersion: 107.0.5304.107, setWindowRect: true, strictFileInteractability: false, timeouts: {implicit: 0, pageLoad: 300000, script: 30000}, unhandledPromptBehavior: dismiss and notify, webauthn:extension:credBlob: true, webauthn:extension:largeBlob: true, webauthn:virtualAuthenticators: true}
Element: [[ChromeDriver: chrome on WINDOWS (4133a37742ca9ab92dec5c184d3c617d)] -&gt; xpath: (//button[contains(@class,&apos;m-1&apos;)])[3]]
Session ID: 4133a37742ca9ab92dec5c184d3c617d
	at java.base/jdk.internal.reflect.NativeConstructorAccessorImpl.newInstance0(Native Method)
	at java.base/jdk.internal.reflect.NativeConstructorAccessorImpl.newInstance(NativeConstructorAccessorImpl.java:62)
	at java.base/jdk.internal.reflect.DelegatingConstructorAccessorImpl.newInstance(DelegatingConstructorAccessorImpl.java:45)
	at java.base/java.lang.reflect.Constructor.newInstance(Constructor.java:490)
	at org.openqa.selenium.remote.codec.w3c.W3CHttpResponseCodec.createException(W3CHttpResponseCodec.java:200)
	at org.openqa.selenium.remote.codec.w3c.W3CHttpResponseCodec.decode(W3CHttpResponseCodec.java:133)
	at org.openqa.selenium.remote.codec.w3c.W3CHttpResponseCodec.decode(W3CHttpResponseCodec.java:53)
	at org.openqa.selenium.remote.HttpCommandExecutor.execute(HttpCommandExecutor.java:184)
	at org.openqa.selenium.remote.service.DriverCommandExecutor.invokeExecute(DriverCommandExecutor.java:167)
	at org.openqa.selenium.remote.service.DriverCommandExecutor.execute(DriverCommandExecutor.java:142)
	at org.openqa.selenium.remote.RemoteWebDriver.execute(RemoteWebDriver.java:558)
	at org.openqa.selenium.remote.RemoteWebElement.execute(RemoteWebElement.java:251)
	at org.openqa.selenium.remote.RemoteWebElement.click(RemoteWebElement.java:77)
	at jdk.internal.reflect.GeneratedMethodAccessor4.invoke(Unknown Source)
	at java.base/jdk.internal.reflect.DelegatingMethodAccessorImpl.invoke(DelegatingMethodAccessorImpl.java:43)
	at java.base/java.lang.reflect.Method.invoke(Method.java:566)
	at org.openqa.selenium.support.pagefactory.internal.LocatingElementHandler.invoke(LocatingElementHandler.java:52)
	at com.sun.proxy.$Proxy14.click(Unknown Source)
	at com.bookonelocal.pageObjects.BookOneLocal_AdminDashBoard.clickOnTheNewBookingButton(BookOneLocal_AdminDashBoard.java:35)
	at com.bookonelocal.tests.bookingManagement.Click_On_The_NewBookingButton.clickOnTheNewBookingButton(Click_On_The_NewBookingButton.java:23)
	at java.base/jdk.internal.reflect.NativeMethodAccessorImpl.invoke0(Native Method)
	at java.base/jdk.internal.reflect.NativeMethodAccessorImpl.invoke(NativeMethodAccessorImpl.java:62)
	at java.base/jdk.internal.reflect.DelegatingMethodAccessorImpl.invoke(DelegatingMethodAccessorImpl.java:43)
	at java.base/java.lang.reflect.Method.invoke(Method.java:566)
	at org.testng.internal.MethodInvocationHelper.invokeMethod(MethodInvocationHelper.java:134)
	at org.testng.internal.TestInvoker.invokeMethod(TestInvoker.java:597)
	at org.testng.internal.TestInvoker.invokeTestMethod(TestInvoker.java:173)
	at org.testng.internal.MethodRunner.runInSequence(MethodRunner.java:46)
	at org.testng.internal.TestInvoker$MethodInvocationAgent.invoke(TestInvoker.java:816)
	at org.testng.internal.TestInvoker.invokeTestMethods(TestInvoker.java:146)
	at org.testng.internal.TestMethodWorker.invokeTestMethods(TestMethodWorker.java:146)
	at org.testng.internal.TestMethodWorker.run(TestMethodWorker.java:128)
	at java.base/java.util.ArrayList.forEach(ArrayList.java:1541)
	at org.testng.TestRunner.privateRun(TestRunner.java:766)
	at org.testng.TestRunner.run(TestRunner.java:587)
	at org.testng.SuiteRunner.runTest(SuiteRunner.java:384)
	at org.testng.SuiteRunner.runSequentially(SuiteRunner.java:378)
	at org.testng.SuiteRunner.privateRun(SuiteRunner.java:337)
	at org.testng.SuiteRunner.run(SuiteRunner.java:286)
	at org.testng.SuiteRunnerWorker.runSuite(SuiteRunnerWorker.java:53)
	at org.testng.SuiteRunnerWorker.run(SuiteRunnerWorker.java:96)
	at org.testng.TestNG.runSuitesSequentially(TestNG.java:1187)
	at org.testng.TestNG.runSuitesLocally(TestNG.java:1109)
	at org.testng.TestNG.runSuites(TestNG.java:1039)
	at org.testng.TestNG.run(TestNG.java:1007)
	at org.apache.maven.surefire.testng.TestNGExecutor.run(TestNGExecutor.java:324)
	at org.apache.maven.surefire.testng.TestNGXmlTestSuite.execute(TestNGXmlTestSuite.java:74)
	at org.apache.maven.surefire.testng.TestNGProvider.invoke(TestNGProvider.java:123)
	at org.apache.maven.surefire.booter.ForkedBooter.runSuitesInProcess(ForkedBooter.java:456)
	at org.apache.maven.surefire.booter.ForkedBooter.execute(ForkedBooter.java:169)
	at org.apache.maven.surefire.booter.ForkedBooter.run(ForkedBooter.java:595)
	at org.apache.maven.surefire.booter.ForkedBooter.main(ForkedBooter.java:581)
</pre></div></td>
<td>24</td>
<td>com.bookonelocal.tests.bookingManagement.Click_On_The_NewBookingButton@6c0d7c83</td></tr>
</table><p>
</body>
</html>